TN:
SF:src/index.js
FN:13,i18nManager
FN:33,searchNestedObject
FN:35,(anonymous_6)
FN:42,getTranslations
FN:62,setLanguage
FN:75,setPath
FN:95,message
FN:114,messageWithValue
FNF:8
FNH:8
FNDA:1,i18nManager
FNDA:9,searchNestedObject
FNDA:18,(anonymous_6)
FNDA:3,getTranslations
FNDA:3,setLanguage
FNDA:2,setPath
FNDA:9,message
FNDA:3,messageWithValue
DA:1,1
DA:14,1
DA:15,1
DA:16,1
DA:18,1
DA:20,1
DA:22,1
DA:35,18
DA:45,3
DA:46,3
DA:51,3
DA:64,3
DA:78,2
DA:80,2
DA:82,2
DA:97,9
DA:98,9
DA:100,9
DA:116,3
DA:120,1
LF:20
LH:20
BRDA:15,0,0,1
BRDA:15,0,1,1
BRDA:35,1,0,18
BRDA:35,1,1,0
BRDA:35,2,0,18
BRDA:35,2,1,18
BRDA:100,3,0,6
BRDA:100,3,1,3
BRDA:116,4,0,2
BRDA:116,4,1,1
BRF:10
BRH:9
end_of_record
