TN:
SF:src/index.js
FN:14,i18nManager
FN:32,searchNestedObject
FN:34,(anonymous_6)
FN:41,getTranslations
FN:63,setLanguage
FN:76,setPath
FN:94,message
FN:113,messageWithValue
FNF:8
FNH:8
FNDA:1,i18nManager
FNDA:9,searchNestedObject
FNDA:18,(anonymous_6)
FNDA:3,getTranslations
FNDA:3,setLanguage
FNDA:2,setPath
FNDA:9,message
FNDA:3,messageWithValue
DA:1,1
DA:15,1
DA:16,1
DA:17,1
DA:19,1
DA:21,1
DA:34,18
DA:44,3
DA:46,3
DA:50,2
DA:52,3
DA:65,3
DA:79,2
DA:81,2
DA:96,9
DA:97,9
DA:99,9
DA:115,3
DA:119,1
LF:19
LH:19
BRDA:16,0,0,1
BRDA:16,0,1,1
BRDA:34,1,0,18
BRDA:34,1,1,0
BRDA:34,2,0,18
BRDA:34,2,1,18
BRDA:99,3,0,6
BRDA:99,3,1,3
BRDA:115,4,0,2
BRDA:115,4,1,1
BRF:10
BRH:9
end_of_record
